<?xml version="1.0" encoding="UTF-8"?>
<!-- Generated by org.testng.reporters.JUnitReportReporter -->
<testsuite hostname="KAMLESH" failures="0" tests="3" name="MavenTestG.MavenTestI.clsTest4" time="0.005" errors="0" timestamp="18 Sep 2021 09:53:18 GMT" skipped="0">
  <testcase classname="MavenTestG.MavenTestI.clsTest4" name="mult4" time="0.002"/>
  <testcase classname="MavenTestG.MavenTestI.clsTest4" name="sum4" time="0.002"/>
  <testcase classname="MavenTestG.MavenTestI.clsTest4" name="div4" time="0.001"/>
</testsuite> <!-- MavenTestG.MavenTestI.clsTest4 -->
