<?xml version="1.0" encoding="UTF-8"?>
<!-- Generated by org.testng.reporters.JUnitReportReporter -->
<testsuite hostname="KAMLESH" failures="0" tests="3" name="MavenTestG.MavenTestI.clsTest" time="0.007" errors="0" timestamp="18 Sep 2021 09:53:18 GMT" skipped="0">
  <testcase classname="MavenTestG.MavenTestI.clsTest" name="sum" time="0.000"/>
  <testcase classname="MavenTestG.MavenTestI.clsTest" name="div" time="0.007"/>
  <testcase classname="MavenTestG.MavenTestI.clsTest" name="mult" time="0.000"/>
</testsuite> <!-- MavenTestG.MavenTestI.clsTest -->
